<?xml version="1.0" encoding="UTF-8"?>
<testsuite xmlns:xsi="http://www.w3.org/2001/XMLSchema-instance" xsi:noNamespaceSchemaLocation="https://maven.apache.org/surefire/maven-surefire-plugin/xsd/surefire-test-report.xsd" version="3.0.2" name="tech.zeta.java.junit.RectangleTest" time="0.047" tests="10" errors="0" skipped="1" failures="0">
  <properties>
    <property name="java.specification.version" value="21"/>
    <property name="sun.jnu.encoding" value="UTF-8"/>
    <property name="java.class.path" value="/Users/parthverma/IdeaProjects/testing-/target/test-classes:/Users/parthverma/IdeaProjects/testing-/target/classes:/Users/parthverma/.m2/repository/org/junit/jupiter/junit-jupiter/6.0.0-RC2/junit-jupiter-6.0.0-RC2.jar:/Users/parthverma/.m2/repository/org/junit/jupiter/junit-jupiter-api/6.0.0-RC2/junit-jupiter-api-6.0.0-RC2.jar:/Users/parthverma/.m2/repository/org/opentest4j/opentest4j/1.3.0/opentest4j-1.3.0.jar:/Users/parthverma/.m2/repository/org/junit/platform/junit-platform-commons/6.0.0-RC2/junit-platform-commons-6.0.0-RC2.jar:/Users/parthverma/.m2/repository/org/apiguardian/apiguardian-api/1.1.2/apiguardian-api-1.1.2.jar:/Users/parthverma/.m2/repository/org/jspecify/jspecify/1.0.0/jspecify-1.0.0.jar:/Users/parthverma/.m2/repository/org/junit/jupiter/junit-jupiter-params/6.0.0-RC2/junit-jupiter-params-6.0.0-RC2.jar:/Users/parthverma/.m2/repository/org/junit/jupiter/junit-jupiter-engine/6.0.0-RC2/junit-jupiter-engine-6.0.0-RC2.jar:/Users/parthverma/.m2/repository/org/junit/platform/junit-platform-engine/6.0.0-RC2/junit-platform-engine-6.0.0-RC2.jar:/Users/parthverma/.m2/repository/org/junit/platform/junit-platform-suite/6.0.0-RC2/junit-platform-suite-6.0.0-RC2.jar:/Users/parthverma/.m2/repository/org/junit/platform/junit-platform-suite-api/6.0.0-RC2/junit-platform-suite-api-6.0.0-RC2.jar:/Users/parthverma/.m2/repository/org/junit/platform/junit-platform-suite-engine/6.0.0-RC2/junit-platform-suite-engine-6.0.0-RC2.jar:/Users/parthverma/.m2/repository/org/junit/platform/junit-platform-launcher/6.0.0-RC2/junit-platform-launcher-6.0.0-RC2.jar:"/>
    <property name="java.vm.vendor" value="Amazon.com Inc."/>
    <property name="sun.arch.data.model" value="64"/>
    <property name="java.vendor.url" value="https://aws.amazon.com/corretto/"/>
    <property name="user.timezone" value="Asia/Kolkata"/>
    <property name="os.name" value="Mac OS X"/>
    <property name="java.vm.specification.version" value="21"/>
    <property name="sun.java.launcher" value="SUN_STANDARD"/>
    <property name="user.country" value="IN"/>
    <property name="sun.boot.library.path" value="/Library/Java/JavaVirtualMachines/amazon-corretto-21.jdk/Contents/Home/lib"/>
    <property name="sun.java.command" value="/Users/parthverma/IdeaProjects/testing-/target/surefire/surefirebooter-20250905124237303_3.jar /Users/parthverma/IdeaProjects/testing-/target/surefire 2025-09-05T12-42-37_216-jvmRun1 surefire-20250905124237303_1tmp surefire_0-20250905124237303_2tmp"/>
    <property name="http.nonProxyHosts" value="local|*.local|169.254/16|*.169.254/16"/>
    <property name="jdk.debug" value="release"/>
    <property name="surefire.test.class.path" value="/Users/parthverma/IdeaProjects/testing-/target/test-classes:/Users/parthverma/IdeaProjects/testing-/target/classes:/Users/parthverma/.m2/repository/org/junit/jupiter/junit-jupiter/6.0.0-RC2/junit-jupiter-6.0.0-RC2.jar:/Users/parthverma/.m2/repository/org/junit/jupiter/junit-jupiter-api/6.0.0-RC2/junit-jupiter-api-6.0.0-RC2.jar:/Users/parthverma/.m2/repository/org/opentest4j/opentest4j/1.3.0/opentest4j-1.3.0.jar:/Users/parthverma/.m2/repository/org/junit/platform/junit-platform-commons/6.0.0-RC2/junit-platform-commons-6.0.0-RC2.jar:/Users/parthverma/.m2/repository/org/apiguardian/apiguardian-api/1.1.2/apiguardian-api-1.1.2.jar:/Users/parthverma/.m2/repository/org/jspecify/jspecify/1.0.0/jspecify-1.0.0.jar:/Users/parthverma/.m2/repository/org/junit/jupiter/junit-jupiter-params/6.0.0-RC2/junit-jupiter-params-6.0.0-RC2.jar:/Users/parthverma/.m2/repository/org/junit/jupiter/junit-jupiter-engine/6.0.0-RC2/junit-jupiter-engine-6.0.0-RC2.jar:/Users/parthverma/.m2/repository/org/junit/platform/junit-platform-engine/6.0.0-RC2/junit-platform-engine-6.0.0-RC2.jar:/Users/parthverma/.m2/repository/org/junit/platform/junit-platform-suite/6.0.0-RC2/junit-platform-suite-6.0.0-RC2.jar:/Users/parthverma/.m2/repository/org/junit/platform/junit-platform-suite-api/6.0.0-RC2/junit-platform-suite-api-6.0.0-RC2.jar:/Users/parthverma/.m2/repository/org/junit/platform/junit-platform-suite-engine/6.0.0-RC2/junit-platform-suite-engine-6.0.0-RC2.jar:/Users/parthverma/.m2/repository/org/junit/platform/junit-platform-launcher/6.0.0-RC2/junit-platform-launcher-6.0.0-RC2.jar:"/>
    <property name="sun.cpu.endian" value="little"/>
    <property name="user.home" value="/Users/parthverma"/>
    <property name="user.language" value="en"/>
    <property name="java.specification.vendor" value="Oracle Corporation"/>
    <property name="java.version.date" value="2024-07-16"/>
    <property name="java.home" value="/Library/Java/JavaVirtualMachines/amazon-corretto-21.jdk/Contents/Home"/>
    <property name="file.separator" value="/"/>
    <property name="basedir" value="/Users/parthverma/IdeaProjects/testing-"/>
    <property name="java.vm.compressedOopsMode" value="Zero based"/>
    <property name="line.separator" value="&#10;"/>
    <property name="java.vm.specification.vendor" value="Oracle Corporation"/>
    <property name="java.specification.name" value="Java Platform API Specification"/>
    <property name="apple.awt.application.name" value="ForkedBooter"/>
    <property name="surefire.real.class.path" value="/Users/parthverma/IdeaProjects/testing-/target/surefire/surefirebooter-20250905124237303_3.jar"/>
    <property name="sun.management.compiler" value="HotSpot 64-Bit Tiered Compilers"/>
    <property name="ftp.nonProxyHosts" value="local|*.local|169.254/16|*.169.254/16"/>
    <property name="java.runtime.version" value="21.0.4+7-LTS"/>
    <property name="user.name" value="parthverma"/>
    <property name="stdout.encoding" value="UTF-8"/>
    <property name="path.separator" value=":"/>
    <property name="os.version" value="15.6.1"/>
    <property name="java.runtime.name" value="OpenJDK Runtime Environment"/>
    <property name="file.encoding" value="UTF-8"/>
    <property name="java.vm.name" value="OpenJDK 64-Bit Server VM"/>
    <property name="java.vendor.version" value="Corretto-21.0.4.7.1"/>
    <property name="localRepository" value="/Users/parthverma/.m2/repository"/>
    <property name="java.vendor.url.bug" value="https://github.com/corretto/corretto-21/issues/"/>
    <property name="java.io.tmpdir" value="/var/folders/k_/mj6knhs95fd590lwftqy_j100000gn/T/"/>
    <property name="idea.version" value="2024.1"/>
    <property name="java.version" value="21.0.4"/>
    <property name="user.dir" value="/Users/parthverma/IdeaProjects/testing-"/>
    <property name="os.arch" value="x86_64"/>
    <property name="java.vm.specification.name" value="Java Virtual Machine Specification"/>
    <property name="native.encoding" value="UTF-8"/>
    <property name="java.library.path" value="/Users/parthverma/Library/Java/Extensions:/Library/Java/Extensions:/Network/Library/Java/Extensions:/System/Library/Java/Extensions:/usr/lib/java:."/>
    <property name="java.vm.info" value="mixed mode, sharing"/>
    <property name="stderr.encoding" value="UTF-8"/>
    <property name="java.vendor" value="Amazon.com Inc."/>
    <property name="java.vm.version" value="21.0.4+7-LTS"/>
    <property name="sun.io.unicode.encoding" value="UnicodeBig"/>
    <property name="socksNonProxyHosts" value="local|*.local|169.254/16|*.169.254/16"/>
    <property name="java.class.version" value="65.0"/>
  </properties>
  <testcase name="calculateArea_exceptionInput(double, double)[1]" classname="tech.zeta.java.junit.RectangleTest" time="0.015"/>
  <testcase name="calculateArea_exceptionInput(double, double)[1]" classname="tech.zeta.java.junit.RectangleTest" time="0.001"/>
  <testcase name="calculateArea_exceptionInput(double, double)[2]" classname="tech.zeta.java.junit.RectangleTest" time="0.002"/>
  <testcase name="calculateArea_exceptionInput(double, double)[2]" classname="tech.zeta.java.junit.RectangleTest" time="0.015"/>
  <testcase name="calculateArea_exceptionInput(double, double)[3]" classname="tech.zeta.java.junit.RectangleTest" time="0.001"/>
  <testcase name="calculateArea_exceptionInput(double, double)[3]" classname="tech.zeta.java.junit.RectangleTest" time="0.002"/>
  <testcase name="calculateArea_invalidInput(double, double, double)[1]" classname="tech.zeta.java.junit.RectangleTest" time="0.003"/>
  <testcase name="calculateArea_invalidInput(double, double, double)[1]" classname="tech.zeta.java.junit.RectangleTest" time="0.001"/>
  <testcase name="calculateArea_invalidInput(double, double, double)[2]" classname="tech.zeta.java.junit.RectangleTest" time="0.001"/>
  <testcase name="calculateArea_invalidInput(double, double, double)[2]" classname="tech.zeta.java.junit.RectangleTest" time="0.001"/>
  <testcase name="calculateArea_invalidInput(double, double, double)[3]" classname="tech.zeta.java.junit.RectangleTest" time="0.001"/>
  <testcase name="calculateArea_invalidInput(double, double, double)[3]" classname="tech.zeta.java.junit.RectangleTest" time="0.002"/>
  <testcase name="someTest" classname="tech.zeta.java.junit.RectangleTest" time="0.0">
    <skipped message="This test method needs further implementation"/>
  </testcase>
  <testcase name="someTest" classname="tech.zeta.java.junit.RectangleTest" time="0.0">
    <skipped message="This test method needs further implementation"/>
  </testcase>
  <testcase name="calculateArea_validInput(double, double, double)[1]" classname="tech.zeta.java.junit.RectangleTest" time="0.001"/>
  <testcase name="calculateArea_validInput(double, double, double)[1]" classname="tech.zeta.java.junit.RectangleTest" time="0.001"/>
  <testcase name="calculateArea_validInput(double, double, double)[2]" classname="tech.zeta.java.junit.RectangleTest" time="0.002"/>
  <testcase name="calculateArea_validInput(double, double, double)[2]" classname="tech.zeta.java.junit.RectangleTest" time="0.002"/>
  <testcase name="calculateArea_validInput(double, double, double)[3]" classname="tech.zeta.java.junit.RectangleTest" time="0.001"/>
  <testcase name="calculateArea_validInput(double, double, double)[3]" classname="tech.zeta.java.junit.RectangleTest" time="0.001"/>
</testsuite>